2025-08-17 23:06:39,720 [INFO] - --- Starting new batch for generation: gen1 ---
2025-08-17 23:06:39,720 [INFO] - Processing instance: instance3.txt
2025-08-17 23:06:47,278 [INFO] - --- Results for instance: instance3.txt ---
2025-08-17 23:06:47,278 [INFO] - - Objective value: 645.62
2025-08-17 23:06:47,278 [INFO] - - Gap: relative=0.0031%, absolute=0.020000000000095497
2025-08-17 23:06:47,278 [INFO] - - Solver Runtime (sec): 7.41
2025-08-17 23:06:47,278 [INFO] - - Selected sets (31/50): [2, 3, 4, 6, 7, 8, 9, 10, 13, 15, 16, 17, 18, 19, 21, 22, 23, 25, 26, 27, 28, 29, 30, 32, 34, 36, 38, 43, 44, 47, 49]
2025-08-17 23:06:47,278 [INFO] - - Coverage: 50/50 elements (100.0%)
2025-08-17 23:06:47,278 [INFO] - --------------------------------------------------

2025-08-17 23:06:47,278 [INFO] - Processing instance: instance2.txt
2025-08-17 23:16:49,074 [INFO] - --- Results for instance: instance2.txt ---
2025-08-17 23:16:49,074 [INFO] - - Objective value: 4508.92
2025-08-17 23:16:49,074 [INFO] - - Gap: relative=208.1693%, absolute=9386.1873395742
2025-08-17 23:16:49,074 [INFO] - - Solver Runtime (sec): 600.03
2025-08-17 23:16:49,074 [INFO] - - Selected sets (125/200): [1, 3, 6, 8, 11, 12, 18, 19, 22, 23, 24, 25, 26, 27, 28, 30, 33, 36, 38, 39, 41, 42, 43, 45, 46, 47, 49, 50, 51, 52, 53, 54, 55, 57, 58, 59, 60, 63, 64, 65, 68, 69, 70, 72, 73, 74, 75, 77, 78, 79, 81, 83, 84, 85, 87, 88, 89, 90, 91, 93, 94, 95, 96, 98, 101, 102, 103, 104, 105, 107, 108, 111, 112, 114, 117, 119, 120, 122, 123, 125, 127, 128, 130, 131, 132, 133, 134, 135, 138, 140, 141, 142, 143, 144, 145, 147, 148, 153, 155, 157, 160, 162, 163, 164, 170, 171, 172, 173, 178, 179, 180, 181, 183, 184, 185, 186, 188, 191, 192, 194, 195, 196, 197, 198, 199]
2025-08-17 23:16:49,074 [INFO] - - Coverage: 200/200 elements (100.0%)
2025-08-17 23:16:49,074 [INFO] - --------------------------------------------------

2025-08-18 14:29:24,066 [INFO] - Processing instance: instance1.txt
2025-08-18 14:39:25,912 [INFO] - --- Results for instance: instance1.txt ---
2025-08-18 14:39:25,913 [INFO] - - Objective value: 4288.58
2025-08-18 14:39:25,913 [INFO] - - Gap: relative=226.7549%, absolute=9724.563707250785
2025-08-18 14:39:25,913 [INFO] - - Solver Runtime (sec): 600.03
2025-08-18 14:39:25,913 [INFO] - - Selected sets (125/200): [1, 2, 6, 10, 11, 12, 13, 14, 15, 16, 17, 23, 24, 26, 28, 29, 33, 34, 35, 37, 38, 39, 40, 41, 42, 43, 46, 47, 48, 49, 50, 51, 52, 53, 55, 60, 62, 63, 65, 66, 68, 69, 70, 72, 73, 74, 77, 79, 80, 81, 82, 87, 88, 90, 91, 92, 93, 94, 95, 96, 98, 99, 102, 103, 104, 106, 110, 111, 112, 113, 114, 115, 116, 117, 118, 121, 123, 124, 125, 127, 128, 130, 132, 134, 137, 138, 139, 140, 143, 145, 146, 147, 148, 149, 151, 152, 153, 154, 155, 156, 158, 159, 160, 161, 162, 163, 164, 168, 172, 173, 174, 175, 176, 178, 179, 180, 183, 184, 185, 188, 190, 193, 196, 197, 199]
2025-08-18 14:39:25,913 [INFO] - - Coverage: 200/200 elements (100.0%)
2025-08-18 14:39:25,913 [INFO] - --------------------------------------------------

2025-08-18 17:36:09,093 [INFO] - Processing instance: instance5.txt
2025-08-18 17:46:09,613 [INFO] - --- Results for instance: instance5.txt ---
2025-08-18 17:46:09,613 [INFO] - - Objective value: 1478.35
2025-08-18 17:46:09,613 [INFO] - - Gap: relative=47.7979%, absolute=706.6199999999999
2025-08-18 17:46:09,613 [INFO] - - Solver Runtime (sec): 600.01
2025-08-18 17:46:09,613 [INFO] - - Selected sets (62/100): [1, 2, 3, 4, 5, 7, 9, 10, 11, 13, 14, 17, 18, 19, 20, 21, 24, 25, 26, 27, 28, 29, 31, 33, 35, 36, 38, 40, 42, 43, 45, 46, 47, 48, 49, 51, 52, 54, 55, 56, 57, 60, 62, 63, 64, 68, 71, 72, 73, 74, 75, 78, 81, 84, 86, 87, 91, 92, 93, 94, 96, 98]
2025-08-18 17:46:09,613 [INFO] - - Coverage: 100/100 elements (100.0%)
2025-08-18 17:46:09,613 [INFO] - --------------------------------------------------



2025-08-17 23:57:11,294 [INFO] - Processing instance: instance4.txt
2025-08-17 23:57:11,424 [INFO] - --- Results for instance: instance4.txt ---
2025-08-17 23:57:11,424 [INFO] - - Objective value: 261.06
2025-08-17 23:57:11,424 [INFO] - - Gap: relative=0.0000%, absolute=0.0
2025-08-17 23:57:11,424 [INFO] - - Solver Runtime (sec): 0.10
2025-08-17 23:57:11,424 [INFO] - - Selected sets (18/25): [1, 4, 5, 6, 7, 8, 9, 11, 13, 14, 15, 16, 17, 19, 20, 21, 24, 25]
2025-08-17 23:57:11,424 [INFO] - - Coverage: 25/25 elements (100.0%)
2025-08-17 23:57:11,424 [INFO] - --------------------------------------------------

