2025-08-18 00:27:35,232 [INFO] - --- Starting new batch for generation: gen3 ---
2025-08-18 00:27:35,232 [INFO] - Processing instance: instance3.txt
2025-08-18 00:27:39,283 [INFO] - --- Results for instance: instance3.txt ---
2025-08-18 00:27:39,283 [INFO] - - Objective value: 59765.97
2025-08-18 00:27:39,283 [INFO] - - Gap: relative=0.0000%, absolute=0.0
2025-08-18 00:27:39,283 [INFO] - - Solver Runtime (sec): 1.93
2025-08-18 00:27:39,283 [INFO] - - Selected sets (200/200): [1, 2, 3, 4, 5, 6, 7, 8, 9, 10, 11, 12, 13, 14, 15, 16, 17, 18, 19, 20, 21, 22, 23, 24, 25, 26, 27, 28, 29, 30, 31, 32, 33, 34, 35, 36, 37, 38, 39, 40, 41, 42, 43, 44, 45, 46, 47, 48, 49, 50, 51, 52, 53, 54, 55, 56, 57, 58, 59, 60, 61, 62, 63, 64, 65, 66, 67, 68, 69, 70, 71, 72, 73, 74, 75, 76, 77, 78, 79, 80, 81, 82, 83, 84, 85, 86, 87, 88, 89, 90, 91, 92, 93, 94, 95, 96, 97, 98, 99, 100, 101, 102, 103, 104, 105, 106, 107, 108, 109, 110, 111, 112, 113, 114, 115, 116, 117, 118, 119, 120, 121, 122, 123, 124, 125, 126, 127, 128, 129, 130, 131, 132, 133, 134, 135, 136, 137, 138, 139, 140, 141, 142, 143, 144, 145, 146, 147, 148, 149, 150, 151, 152, 153, 154, 155, 156, 157, 158, 159, 160, 161, 162, 163, 164, 165, 166, 167, 168, 169, 170, 171, 172, 173, 174, 175, 176, 177, 178, 179, 180, 181, 182, 183, 184, 185, 186, 187, 188, 189, 190, 191, 192, 193, 194, 195, 196, 197, 198, 199, 200]
2025-08-18 00:27:39,283 [INFO] - - Coverage: 200/200 elements (100.0%)
2025-08-18 00:27:39,283 [INFO] - --------------------------------------------------

2025-08-18 00:27:39,283 [INFO] - Processing instance: instance2.txt
2025-08-18 00:27:40,005 [INFO] - --- Results for instance: instance2.txt ---
2025-08-18 00:27:40,005 [INFO] - - Objective value: 14887.43
2025-08-18 00:27:40,005 [INFO] - - Gap: relative=0.0066%, absolute=0.9799999999941065
2025-08-18 00:27:40,005 [INFO] - - Solver Runtime (sec): 0.22
2025-08-18 00:27:40,005 [INFO] - - Selected sets (100/100): [1, 2, 3, 4, 5, 6, 7, 8, 9, 10, 11, 12, 13, 14, 15, 16, 17, 18, 19, 20, 21, 22, 23, 24, 25, 26, 27, 28, 29, 30, 31, 32, 33, 34, 35, 36, 37, 38, 39, 40, 41, 42, 43, 44, 45, 46, 47, 48, 49, 50, 51, 52, 53, 54, 55, 56, 57, 58, 59, 60, 61, 62, 63, 64, 65, 66, 67, 68, 69, 70, 71, 72, 73, 74, 75, 76, 77, 78, 79, 80, 81, 82, 83, 84, 85, 86, 87, 88, 89, 90, 91, 92, 93, 94, 95, 96, 97, 98, 99, 100]
2025-08-18 00:27:40,005 [INFO] - - Coverage: 100/100 elements (100.0%)
2025-08-18 00:27:40,005 [INFO] - --------------------------------------------------

2025-08-18 00:27:40,005 [INFO] - Processing instance: instance1.txt
2025-08-18 00:28:07,401 [INFO] - --- Results for instance: instance1.txt ---
2025-08-18 00:28:07,402 [INFO] - - Objective value: 238058.87
2025-08-18 00:28:07,402 [INFO] - - Gap: relative=0.0000%, absolute=0.0
2025-08-18 00:28:07,402 [INFO] - - Solver Runtime (sec): 18.88
2025-08-18 00:28:07,402 [INFO] - - Selected sets (400/400): [1, 2, 3, 4, 5, 6, 7, 8, 9, 10, 11, 12, 13, 14, 15, 16, 17, 18, 19, 20, 21, 22, 23, 24, 25, 26, 27, 28, 29, 30, 31, 32, 33, 34, 35, 36, 37, 38, 39, 40, 41, 42, 43, 44, 45, 46, 47, 48, 49, 50, 51, 52, 53, 54, 55, 56, 57, 58, 59, 60, 61, 62, 63, 64, 65, 66, 67, 68, 69, 70, 71, 72, 73, 74, 75, 76, 77, 78, 79, 80, 81, 82, 83, 84, 85, 86, 87, 88, 89, 90, 91, 92, 93, 94, 95, 96, 97, 98, 99, 100, 101, 102, 103, 104, 105, 106, 107, 108, 109, 110, 111, 112, 113, 114, 115, 116, 117, 118, 119, 120, 121, 122, 123, 124, 125, 126, 127, 128, 129, 130, 131, 132, 133, 134, 135, 136, 137, 138, 139, 140, 141, 142, 143, 144, 145, 146, 147, 148, 149, 150, 151, 152, 153, 154, 155, 156, 157, 158, 159, 160, 161, 162, 163, 164, 165, 166, 167, 168, 169, 170, 171, 172, 173, 174, 175, 176, 177, 178, 179, 180, 181, 182, 183, 184, 185, 186, 187, 188, 189, 190, 191, 192, 193, 194, 195, 196, 197, 198, 199, 200, 201, 202, 203, 204, 205, 206, 207, 208, 209, 210, 211, 212, 213, 214, 215, 216, 217, 218, 219, 220, 221, 222, 223, 224, 225, 226, 227, 228, 229, 230, 231, 232, 233, 234, 235, 236, 237, 238, 239, 240, 241, 242, 243, 244, 245, 246, 247, 248, 249, 250, 251, 252, 253, 254, 255, 256, 257, 258, 259, 260, 261, 262, 263, 264, 265, 266, 267, 268, 269, 270, 271, 272, 273, 274, 275, 276, 277, 278, 279, 280, 281, 282, 283, 284, 285, 286, 287, 288, 289, 290, 291, 292, 293, 294, 295, 296, 297, 298, 299, 300, 301, 302, 303, 304, 305, 306, 307, 308, 309, 310, 311, 312, 313, 314, 315, 316, 317, 318, 319, 320, 321, 322, 323, 324, 325, 326, 327, 328, 329, 330, 331, 332, 333, 334, 335, 336, 337, 338, 339, 340, 341, 342, 343, 344, 345, 346, 347, 348, 349, 350, 351, 352, 353, 354, 355, 356, 357, 358, 359, 360, 361, 362, 363, 364, 365, 366, 367, 368, 369, 370, 371, 372, 373, 374, 375, 376, 377, 378, 379, 380, 381, 382, 383, 384, 385, 386, 387, 388, 389, 390, 391, 392, 393, 394, 395, 396, 397, 398, 399, 400]
2025-08-18 00:28:07,402 [INFO] - - Coverage: 400/400 elements (100.0%)
2025-08-18 00:28:07,402 [INFO] - --------------------------------------------------

2025-08-18 00:28:07,402 [INFO] - Processing instance: instance5.txt
2025-08-18 00:28:07,437 [INFO] - --- Results for instance: instance5.txt ---
2025-08-18 00:28:07,437 [INFO] - - Objective value: 766.71
2025-08-18 00:28:07,437 [INFO] - - Gap: relative=0.0000%, absolute=0.0
2025-08-18 00:28:07,437 [INFO] - - Solver Runtime (sec): 0.01
2025-08-18 00:28:07,437 [INFO] - - Selected sets (25/25): [1, 2, 3, 4, 5, 6, 7, 8, 9, 10, 11, 12, 13, 14, 15, 16, 17, 18, 19, 20, 21, 22, 23, 24, 25]
2025-08-18 00:28:07,437 [INFO] - - Coverage: 25/25 elements (100.0%)
2025-08-18 00:28:07,437 [INFO] - --------------------------------------------------

2025-08-18 00:28:07,437 [INFO] - Processing instance: instance4.txt
2025-08-18 00:28:07,471 [INFO] - --- Results for instance: instance4.txt ---
2025-08-18 00:28:07,471 [INFO] - - Objective value: 981.05
2025-08-18 00:28:07,471 [INFO] - - Gap: relative=0.0000%, absolute=0.0
2025-08-18 00:28:07,471 [INFO] - - Solver Runtime (sec): 0.01
2025-08-18 00:28:07,471 [INFO] - - Selected sets (25/25): [1, 2, 3, 4, 5, 6, 7, 8, 9, 10, 11, 12, 13, 14, 15, 16, 17, 18, 19, 20, 21, 22, 23, 24, 25]
2025-08-18 00:28:07,471 [INFO] - - Coverage: 25/25 elements (100.0%)
2025-08-18 00:28:07,471 [INFO] - --------------------------------------------------

