2025-08-17 23:57:11,425 [INFO] - --- Starting new batch for generation: gen2 ---
2025-08-17 23:57:11,425 [INFO] - Processing instance: instance3.txt
2025-08-17 23:57:11,551 [INFO] - --- Results for instance: instance3.txt ---
2025-08-17 23:57:11,551 [INFO] - - Objective value: 210.16
2025-08-17 23:57:11,551 [INFO] - - Gap: relative=0.0048%, absolute=0.009999999999990905
2025-08-17 23:57:11,551 [INFO] - - Solver Runtime (sec): 0.10
2025-08-17 23:57:11,551 [INFO] - - Selected sets (15/25): [1, 6, 8, 9, 11, 13, 14, 16, 17, 18, 19, 20, 22, 24, 25]
2025-08-17 23:57:11,551 [INFO] - - Coverage: 25/25 elements (100.0%)
2025-08-17 23:57:11,551 [INFO] - --------------------------------------------------

2025-08-17 23:57:11,551 [INFO] - Processing instance: instance2.txt
2025-08-18 00:07:19,473 [INFO] - --- Results for instance: instance2.txt ---
2025-08-18 00:07:19,474 [INFO] - - Objective value: 9694.43
2025-08-18 00:07:19,474 [INFO] - - Gap: relative=827.3087%, absolute=80202.86563837728
2025-08-18 00:07:19,474 [INFO] - - Solver Runtime (sec): 600.08
2025-08-18 00:07:19,474 [INFO] - - Selected sets (338/400): [2, 3, 4, 5, 7, 8, 9, 10, 12, 13, 14, 15, 17, 18, 19, 20, 21, 24, 26, 27, 28, 29, 33, 34, 35, 36, 37, 38, 39, 40, 41, 43, 44, 46, 48, 49, 50, 51, 52, 53, 54, 55, 56, 57, 58, 60, 61, 62, 64, 65, 66, 68, 69, 70, 71, 72, 73, 74, 76, 77, 78, 79, 81, 82, 83, 84, 85, 86, 89, 90, 91, 92, 93, 94, 95, 96, 97, 99, 100, 101, 102, 103, 104, 105, 106, 107, 108, 109, 110, 111, 112, 113, 116, 117, 118, 119, 120, 121, 122, 123, 124, 125, 126, 128, 129, 132, 133, 134, 136, 137, 138, 140, 143, 144, 145, 147, 148, 149, 150, 151, 152, 153, 154, 155, 156, 157, 158, 159, 161, 162, 164, 165, 166, 167, 168, 170, 171, 172, 173, 174, 175, 176, 177, 178, 180, 181, 182, 183, 185, 186, 188, 189, 191, 192, 193, 194, 195, 197, 199, 200, 201, 202, 203, 204, 206, 207, 208, 209, 210, 211, 212, 213, 214, 215, 217, 218, 219, 220, 221, 222, 223, 224, 225, 226, 227, 229, 230, 232, 233, 234, 235, 236, 237, 239, 240, 242, 243, 244, 245, 246, 247, 248, 250, 251, 252, 253, 254, 255, 257, 258, 259, 260, 261, 262, 264, 265, 266, 267, 268, 269, 270, 271, 272, 273, 276, 277, 278, 279, 281, 282, 283, 284, 285, 286, 287, 288, 289, 290, 291, 292, 293, 294, 295, 296, 297, 298, 299, 300, 301, 302, 303, 304, 305, 306, 307, 308, 309, 310, 312, 313, 314, 315, 316, 317, 318, 319, 320, 321, 322, 323, 324, 325, 326, 327, 328, 329, 330, 332, 333, 334, 335, 336, 337, 338, 339, 340, 341, 342, 343, 344, 345, 346, 347, 349, 350, 351, 352, 353, 354, 355, 356, 357, 358, 359, 360, 361, 362, 363, 364, 365, 366, 369, 370, 372, 374, 375, 376, 377, 378, 379, 380, 382, 383, 384, 385, 386, 387, 388, 389, 390, 391, 392, 393, 394, 396, 397, 399, 400]
2025-08-18 00:07:19,474 [INFO] - - Coverage: 400/400 elements (100.0%)
2025-08-18 00:07:19,474 [INFO] - --------------------------------------------------

2025-08-18 00:07:19,474 [INFO] - Processing instance: instance1.txt
2025-08-18 00:07:26,998 [INFO] - --- Results for instance: instance1.txt ---
2025-08-18 00:07:26,998 [INFO] - - Objective value: 575.87
2025-08-18 00:07:26,998 [INFO] - - Gap: relative=0.0087%, absolute=0.049999999999954525
2025-08-18 00:07:26,998 [INFO] - - Solver Runtime (sec): 7.13
2025-08-18 00:07:26,998 [INFO] - - Selected sets (30/50): [1, 4, 6, 7, 8, 9, 10, 11, 13, 15, 16, 17, 21, 22, 24, 26, 29, 30, 31, 33, 35, 36, 37, 40, 41, 43, 44, 46, 47, 50]
2025-08-18 00:07:26,999 [INFO] - - Coverage: 50/50 elements (100.0%)
2025-08-18 00:07:26,999 [INFO] - --------------------------------------------------

2025-08-18 00:07:26,999 [INFO] - Processing instance: instance5.txt
2025-08-18 00:17:27,446 [INFO] - --- Results for instance: instance5.txt ---
2025-08-18 00:17:27,447 [INFO] - - Objective value: 1550.49
2025-08-18 00:17:27,447 [INFO] - - Gap: relative=38.7555%, absolute=600.9000000000019
2025-08-18 00:17:27,447 [INFO] - - Solver Runtime (sec): 600.01
2025-08-18 00:17:27,447 [INFO] - - Selected sets (62/100): [1, 2, 3, 4, 6, 7, 9, 14, 16, 17, 18, 20, 22, 23, 24, 25, 29, 30, 31, 32, 33, 34, 35, 36, 38, 39, 40, 41, 45, 46, 47, 48, 49, 51, 52, 53, 54, 56, 59, 60, 63, 64, 66, 67, 69, 71, 74, 76, 77, 78, 79, 81, 82, 84, 87, 89, 90, 92, 93, 94, 97, 100]
2025-08-18 00:17:27,447 [INFO] - - Coverage: 100/100 elements (100.0%)
2025-08-18 00:17:27,447 [INFO] - --------------------------------------------------

2025-08-18 00:17:27,447 [INFO] - Processing instance: instance4.txt
2025-08-18 00:27:35,229 [INFO] - --- Results for instance: instance4.txt ---
2025-08-18 00:27:35,230 [INFO] - - Objective value: 7419.650000000001
2025-08-18 00:27:35,230 [INFO] - - Gap: relative=1137.8072%, absolute=84421.31311891876
2025-08-18 00:27:35,230 [INFO] - - Solver Runtime (sec): 600.08
2025-08-18 00:27:35,230 [INFO] - - Selected sets (329/400): [1, 2, 3, 4, 6, 7, 8, 12, 13, 14, 16, 17, 18, 19, 20, 21, 22, 24, 25, 26, 27, 28, 29, 30, 31, 32, 33, 35, 36, 37, 38, 39, 40, 41, 42, 43, 45, 46, 47, 48, 49, 50, 53, 54, 55, 56, 57, 58, 59, 60, 62, 63, 64, 65, 66, 67, 68, 69, 70, 71, 72, 73, 74, 78, 79, 80, 81, 83, 85, 86, 88, 90, 91, 92, 93, 94, 95, 96, 98, 100, 102, 103, 104, 105, 106, 109, 110, 111, 112, 113, 114, 115, 116, 117, 118, 119, 121, 122, 123, 124, 125, 128, 129, 130, 131, 133, 134, 137, 139, 141, 142, 143, 144, 145, 146, 147, 150, 151, 152, 153, 154, 157, 159, 160, 161, 162, 163, 165, 166, 167, 169, 170, 171, 172, 173, 174, 175, 176, 177, 178, 179, 180, 183, 184, 185, 186, 187, 189, 190, 191, 192, 193, 194, 195, 196, 197, 198, 199, 200, 202, 203, 204, 205, 206, 207, 209, 211, 212, 213, 214, 215, 216, 217, 218, 219, 221, 223, 224, 225, 227, 228, 229, 230, 231, 233, 235, 236, 237, 238, 239, 240, 241, 242, 243, 244, 245, 246, 247, 248, 249, 251, 252, 253, 255, 256, 257, 258, 259, 260, 261, 262, 263, 264, 265, 266, 267, 268, 269, 272, 273, 275, 276, 277, 279, 280, 281, 282, 283, 284, 285, 286, 287, 288, 289, 290, 291, 292, 293, 294, 295, 296, 297, 298, 299, 300, 301, 302, 303, 304, 305, 306, 307, 308, 309, 310, 311, 314, 315, 316, 317, 318, 319, 320, 321, 322, 324, 325, 326, 328, 329, 330, 331, 332, 334, 335, 336, 337, 338, 339, 340, 341, 342, 343, 344, 346, 347, 348, 349, 350, 351, 352, 353, 354, 355, 357, 358, 359, 360, 361, 363, 366, 367, 368, 369, 370, 371, 372, 373, 374, 375, 376, 379, 380, 381, 382, 383, 384, 385, 386, 389, 390, 392, 393, 394, 395, 396, 397, 398, 399]
2025-08-18 00:27:35,230 [INFO] - - Coverage: 400/400 elements (100.0%)
2025-08-18 00:27:35,230 [INFO] - --------------------------------------------------

