2025-08-18 14:53:35,700 [INFO] - --- Starting new batch for generation: gen2 ---
2025-08-18 14:53:35,701 [INFO] - Processing instance: instance3.txt
2025-08-18 14:53:35,771 [INFO] - --- Results for instance: instance3.txt ---
2025-08-18 14:53:35,771 [INFO] - - Objective value: 210.16
2025-08-18 14:53:35,771 [INFO] - - Gap: relative=0.0000%, absolute=0.0
2025-08-18 14:53:35,771 [INFO] - - Solver Runtime (sec): 0.02
2025-08-18 14:53:35,771 [INFO] - - Selected sets (15/25): [1, 6, 8, 9, 11, 13, 14, 16, 17, 18, 19, 20, 22, 24, 25]
2025-08-18 14:53:35,771 [INFO] - - Coverage: 25/25 elements (100.0%)
2025-08-18 14:53:35,771 [INFO] - --------------------------------------------------

2025-08-18 14:53:35,771 [INFO] - Processing instance: instance2.txt
2025-08-18 15:03:37,437 [INFO] - --- Results for instance: instance2.txt ---
2025-08-18 15:03:37,438 [INFO] - - Objective value: 14472.64
2025-08-18 15:03:37,438 [INFO] - - Gap: relative=13.0731%, absolute=1892.017662593984
2025-08-18 15:03:37,438 [INFO] - - Solver Runtime (sec): 600.01
2025-08-18 15:03:37,438 [INFO] - - Selected sets (262/400): [2, 5, 6, 8, 9, 10, 13, 14, 18, 19, 20, 21, 24, 26, 27, 28, 29, 30, 33, 34, 35, 36, 37, 38, 39, 40, 43, 44, 46, 47, 48, 49, 50, 51, 52, 53, 55, 56, 61, 62, 64, 65, 68, 70, 75, 77, 79, 81, 84, 85, 86, 88, 89, 90, 91, 92, 93, 94, 96, 97, 99, 101, 102, 103, 104, 106, 107, 108, 110, 111, 112, 113, 114, 118, 119, 120, 122, 124, 126, 128, 129, 130, 132, 133, 134, 135, 136, 137, 143, 144, 147, 148, 149, 150, 151, 152, 153, 154, 155, 156, 157, 158, 162, 164, 165, 166, 167, 168, 170, 172, 173, 175, 176, 177, 178, 179, 180, 181, 182, 183, 184, 186, 188, 189, 194, 195, 197, 198, 199, 200, 201, 202, 203, 204, 206, 207, 209, 210, 211, 212, 213, 215, 219, 220, 221, 223, 224, 225, 227, 229, 230, 234, 235, 236, 237, 239, 240, 242, 243, 244, 246, 247, 248, 250, 251, 252, 253, 255, 257, 258, 260, 262, 266, 267, 269, 270, 271, 272, 273, 274, 276, 278, 279, 282, 283, 284, 285, 286, 287, 288, 290, 292, 294, 296, 297, 298, 299, 300, 302, 304, 305, 306, 309, 312, 313, 315, 316, 317, 318, 320, 321, 323, 327, 328, 329, 330, 332, 335, 336, 337, 339, 340, 341, 342, 343, 344, 345, 346, 347, 350, 351, 353, 354, 355, 356, 357, 358, 359, 360, 361, 362, 363, 364, 365, 369, 374, 375, 376, 377, 378, 379, 382, 384, 385, 387, 390, 391, 392, 394, 396, 397, 399]
2025-08-18 15:03:37,438 [INFO] - - Coverage: 400/400 elements (100.0%)
2025-08-18 15:03:37,438 [INFO] - --------------------------------------------------

2025-08-18 15:03:37,438 [INFO] - Processing instance: instance1.txt
2025-08-18 15:03:37,549 [INFO] - --- Results for instance: instance1.txt ---
2025-08-18 15:03:37,550 [INFO] - - Objective value: 575.87
2025-08-18 15:03:37,550 [INFO] - - Gap: relative=0.0000%, absolute=0.0
2025-08-18 15:03:37,550 [INFO] - - Solver Runtime (sec): 0.09
2025-08-18 15:03:37,550 [INFO] - - Selected sets (30/50): [1, 4, 6, 7, 8, 9, 10, 11, 13, 15, 16, 17, 21, 22, 24, 26, 29, 30, 31, 33, 35, 36, 37, 40, 41, 43, 44, 46, 47, 50]
2025-08-18 15:03:37,550 [INFO] - - Coverage: 50/50 elements (100.0%)
2025-08-18 15:03:37,550 [INFO] - --------------------------------------------------

2025-08-18 15:03:37,550 [INFO] - Processing instance: instance5.txt
2025-08-18 15:13:38,991 [INFO] - --- Results for instance: instance5.txt ---
2025-08-18 15:13:38,992 [INFO] - - Objective value: 1550.49
2025-08-18 15:13:38,992 [INFO] - - Gap: relative=13.5480%, absolute=210.060000000002
2025-08-18 15:13:38,992 [INFO] - - Solver Runtime (sec): 600.01
2025-08-18 15:13:38,992 [INFO] - - Selected sets (62/100): [1, 2, 3, 4, 6, 7, 9, 14, 16, 17, 18, 20, 22, 23, 24, 25, 29, 30, 31, 32, 33, 34, 35, 36, 38, 39, 40, 41, 45, 46, 47, 48, 49, 51, 52, 53, 54, 56, 59, 60, 63, 64, 66, 67, 69, 71, 74, 76, 77, 78, 79, 81, 82, 84, 87, 89, 90, 92, 93, 94, 97, 100]
2025-08-18 15:13:38,992 [INFO] - - Coverage: 100/100 elements (100.0%)
2025-08-18 15:13:38,992 [INFO] - --------------------------------------------------

2025-08-18 15:13:38,992 [INFO] - Processing instance: instance4.txt
2025-08-18 15:23:40,687 [INFO] - --- Results for instance: instance4.txt ---
2025-08-18 15:23:40,688 [INFO] - - Objective value: 13589.69
2025-08-18 15:23:40,688 [INFO] - - Gap: relative=14.9315%, absolute=2029.1388008373979
2025-08-18 15:23:40,688 [INFO] - - Solver Runtime (sec): 600.01
2025-08-18 15:23:40,688 [INFO] - - Selected sets (244/400): [1, 2, 3, 4, 6, 7, 8, 12, 13, 14, 15, 16, 17, 18, 19, 21, 25, 27, 28, 29, 30, 31, 32, 33, 35, 37, 39, 40, 41, 43, 45, 46, 47, 48, 49, 50, 51, 52, 54, 55, 60, 62, 64, 65, 67, 68, 69, 70, 71, 72, 73, 74, 78, 80, 82, 83, 85, 90, 91, 92, 93, 94, 95, 96, 98, 100, 101, 102, 103, 104, 105, 110, 113, 114, 115, 116, 118, 119, 121, 124, 131, 133, 134, 138, 140, 143, 144, 147, 150, 151, 153, 159, 160, 161, 163, 164, 165, 166, 168, 170, 171, 172, 173, 175, 176, 177, 178, 179, 180, 181, 183, 185, 186, 187, 190, 191, 192, 193, 196, 197, 198, 199, 200, 201, 202, 203, 204, 205, 206, 212, 213, 216, 217, 218, 220, 221, 223, 225, 226, 231, 233, 235, 236, 237, 238, 239, 241, 243, 244, 245, 247, 248, 249, 251, 252, 253, 255, 256, 257, 259, 261, 262, 263, 264, 265, 266, 267, 269, 271, 272, 273, 275, 276, 281, 282, 283, 284, 285, 286, 287, 288, 290, 291, 292, 293, 294, 295, 296, 299, 300, 301, 302, 303, 304, 305, 306, 307, 310, 315, 317, 319, 321, 322, 324, 325, 326, 328, 329, 334, 335, 337, 338, 341, 342, 343, 344, 347, 349, 350, 352, 353, 354, 359, 360, 363, 367, 371, 372, 373, 375, 376, 378, 381, 382, 386, 389, 390, 391, 392, 394, 395, 396, 397, 398]
2025-08-18 15:23:40,688 [INFO] - - Coverage: 400/400 elements (100.0%)
2025-08-18 15:23:40,688 [INFO] - --------------------------------------------------
